item team_redobelisk has modelindex 0item team_blueobelisk has modelindex 0item team_neutralobelisk has modelindex 0item item_botroam has modelindex 0entity worldspawn unknown item
entity target_delay unknown item
entity light unknown item
entity target_delay unknown item
entity target_speaker unknown item
entity trigger_multiple unknown item
entity target_speaker unknown item
entity trigger_multiple unknown item
entity target_speaker unknown item
entity trigger_multiple unknown item
entity target_speaker unknown item
entity trigger_multiple unknown item
entity target_speaker unknown item
entity trigger_multiple unknown item
entity target_speaker unknown item
entity trigger_multiple unknown item
entity misc_model unknown item
entity light unknown item
entity light unknown item
entity target_speaker unknown item
entity target_speaker unknown item
entity func_timer unknown item
entity target_speaker unknown item
entity target_speaker unknown item
entity target_position unknown item
entity info_player_intermission unknown item
entity target_speaker unknown item
entity func_timer unknown item
entity target_speaker unknown item
entity misc_model unknown item
entity light unknown item
entity misc_teleporter_dest unknown item
entity target_position unknown item
entity misc_portal_camera unknown item
entity light unknown item
entity light unknown item
entity target_position unknown item
entity light unknown item
entity info_player_deathmatch unknown item
entity light unknown item
entity light unknown item
entity info_null unknown item
entity light unknown item
entity light unknown item
entity light unknown item
entity target_position unknown item
entity light unknown item
entity light unknown item
entity light unknown item
entity light unknown item
entity light unknown item
entity light unknown item
entity light unknown item
entity light unknown item
entity light unknown item
entity light unknown item
entity light unknown item
entity light unknown item
entity light unknown item
entity light unknown item
entity info_player_deathmatch unknown item
entity info_player_deathmatch unknown item
entity light unknown item
entity light unknown item
entity light unknown item
entity light unknown item
entity light unknown item
entity light unknown item
entity light unknown item
entity light unknown item
entity light unknown item
entity light unknown item
entity light unknown item
entity light unknown item
entity light unknown item
entity light unknown item
entity light unknown item
entity misc_model unknown item
entity light unknown item
entity light unknown item
entity misc_model unknown item
entity info_player_deathmatch unknown item
entity light unknown item
entity light unknown item
entity light unknown item
entity light unknown item
entity trigger_multiple unknown item
entity func_timer unknown item
entity target_speaker unknown item
entity trigger_multiple unknown item
entity func_timer unknown item
entity target_speaker unknown item
entity target_speaker unknown item
entity trigger_teleport unknown item
entity misc_portal_surface unknown item
entity misc_portal_surface unknown item
entity info_player_deathmatch unknown item
entity misc_model unknown item
entity light unknown item
entity func_rotating unknown item
entity light unknown item
entity light unknown item
entity light unknown item
entity light unknown item
entity light unknown item
entity light unknown item
entity light unknown item
entity light unknown item
entity light unknown item
entity light unknown item
entity target_position unknown item
entity light unknown item
entity light unknown item
entity target_position unknown item
entity light unknown item
entity light unknown item
entity func_rotating unknown item
entity light unknown item
entity light unknown item
entity light unknown item
entity light unknown item
entity light unknown item
entity light unknown item
entity light unknown item
entity misc_model unknown item
entity misc_model unknown item
entity func_timer unknown item
entity target_speaker unknown item
entity target_speaker unknown item
entity func_timer unknown item
entity target_speaker unknown item
entity func_timer unknown item
entity target_speaker unknown item
entity func_door unknown item
entity func_door unknown item
entity light unknown item
entity light unknown item
entity misc_model unknown item
entity light unknown item
bots/crash_c.cskill 1073741824
{
    0 Crash
    1 female
    2 0.366667
    3 bots/crash_w.c
    4 0.366667
    5 180
    6 4.166667
    7 0.366667
    8 0.366667
    9 0.450000
   10 0.450000
   11 0.450000
   12 0.450000
   13 0.450000
   14 0.450000
   15 0.450000
   16 0.366667
   17 0.450000
   18 0.450000
   19 0.450000
   20 0.450000
   21 bots/crash_t.c
   22 crash
   23 400
   24 0.400000
   25 1.000000
   26 1.000000
   27 1.000000
   28 1.000000
   29 1.000000
   30 1.000000
   31 1.000000
   32 1.000000
   33 1.000000
   34 1.000000
   35 1.000000
   36 0.000000
   37 0.000000
   38 0.000000
   39 0.000000
   40 bots/crash_i.c
   41 0.233333
   42 0.233333
   43 0.233333
   44 0.233333
   45 0.000000
   46 0.233333
   47 0.333333
   48 1.000000
}
item info 7 "weapon_gauntlet" has no fuzzy weight
item info 16 "weapon_grapplinghook" has no fuzzy weight
item info 49 "team_redobelisk" has no fuzzy weight
item info 50 "team_blueobelisk" has no fuzzy weight
item info 51 "team_neutralobelisk" has no fuzzy weight
